#
# There is insufficient memory for the Java Runtime Environment to continue.
# Native memory allocation (mmap) failed to map 266338304 bytes. Error detail: G1 virtual space
# Possible reasons:
#   The system is out of physical RAM or swap space
#   This process is running with CompressedOops enabled, and the Java Heap may be blocking the growth of the native heap
# Possible solutions:
#   Reduce memory load on the system
#   Increase physical memory or swap space
#   Check if swap backing store is full
#   Decrease Java heap size (-Xmx/-Xms)
#   Decrease number of Java threads
#   Decrease Java thread stack sizes (-Xss)
#   Set larger code cache with -XX:ReservedCodeCacheSize=
#   JVM is running with Zero Based Compressed Oops mode in which the Java heap is
#     placed in the first 32GB address space. The Java Heap base address is the
#     maximum limit for the native heap growth. Please use -XX:HeapBaseMinAddress
#     to set the Java Heap base and to place the Java Heap above 32GB virtual address.
# This output file may be truncated or incomplete.
#
#  Out of Memory Error (os_windows.cpp:3828), pid=15516, tid=20856
#
# JRE version:  (21.0.5) (build )
# Java VM: OpenJDK 64-Bit Server VM (21.0.5+-12932927-b750.29, mixed mode, sharing, tiered, compressed oops, compressed class ptrs, g1 gc, windows-amd64)
# No core dump will be written. Minidumps are not enabled by default on client versions of Windows
#

---------------  S U M M A R Y ------------

Command Line: git4idea.http.GitAskPassApp Username for 'https://github.com': 

Host: Intel(R) Core(TM) i5-9300H CPU @ 2.40GHz, 8 cores, 15G,  Windows 11 , 64 bit Build 26100 (10.0.26100.4484)
Time: Wed Aug 27 17:18:13 2025 India Standard Time elapsed time: 2.013137 seconds (0d 0h 0m 2s)

---------------  T H R E A D  ---------------

Current thread (0x0000022b71bfef10):  JavaThread "Unknown thread" [_thread_in_vm, id=20856, stack(0x000000992f600000,0x000000992f700000) (1024K)]

Stack: [0x000000992f600000,0x000000992f700000]
Native frames: (J=compiled Java code, j=interpreted, Vv=VM code, C=native code)
V  [jvm.dll+0x6cfb29]
V  [jvm.dll+0x85ded3]
V  [jvm.dll+0x86042e]
V  [jvm.dll+0x860b13]
V  [jvm.dll+0x27e6b6]
V  [jvm.dll+0x6cc385]
V  [jvm.dll+0x6c078a]
V  [jvm.dll+0x35525b]
V  [jvm.dll+0x35ceb6]
V  [jvm.dll+0x3aedd6]
V  [jvm.dll+0x3af0a8]
V  [jvm.dll+0x32792c]
V  [jvm.dll+0x32861b]
V  [jvm.dll+0x825919]
V  [jvm.dll+0x3bbfa8]
V  [jvm.dll+0x80ec88]
V  [jvm.dll+0x45015e]
V  [jvm.dll+0x4518c1]
C  [jli.dll+0x52ab]
C  [ucrtbase.dll+0x37b0]
C  [KERNEL32.DLL+0x2e8d7]
C  [ntdll.dll+0x3c34c]


---------------  P R O C E S S  ---------------

Threads class SMR info:
_java_thread_list=0x00007ffaf5250808, length=0, elements={
}

Java Threads: ( => current thread )
Total: 0

Other Threads:
  0x0000022b71c63070 WorkerThread "GC Thread#0"                     [id=17756, stack(0x000000992f700000,0x000000992f800000) (1024K)]
  0x0000022b71c73e10 ConcurrentGCThread "G1 Main Marker"            [id=10116, stack(0x000000992f800000,0x000000992f900000) (1024K)]
  0x0000022b71c75750 WorkerThread "G1 Conc#0"                       [id=21512, stack(0x000000992f900000,0x000000992fa00000) (1024K)]

[error occurred during error reporting (printing all threads), id 0xc0000005, EXCEPTION_ACCESS_VIOLATION (0xc0000005) at pc=0x00007ffaf4a4a967]
VM state: not at safepoint (not fully initialized)

VM Mutex/Monitor currently owned by a thread:  ([mutex/lock_event])
[0x00007ffaf52bd460] Heap_lock - owner thread: 0x0000022b71bfef10

Heap address: 0x0000000702400000, size: 4060 MB, Compressed Oops mode: Zero based, Oop shift amount: 3

CDS archive(s) mapped at: [0x0000000000000000-0x0000000000000000-0x0000000000000000), size 0, SharedBaseAddress: 0x0000000800000000, ArchiveRelocationMode: 1.
Narrow klass base: 0x0000000000000000, Narrow klass shift: 0, Narrow klass range: 0x0

GC Precious Log:
 CardTable entry size: 512
 Card Set container configuration: InlinePtr #cards 4 size 8 Array Of Cards #cards 16 size 48 Howl #buckets 8 coarsen threshold 3686 Howl Bitmap #cards 512 size 80 coarsen threshold 460 Card regions per heap region 1 cards per card region 4096

Heap:
 garbage-first heap   total 0K, used 0K [0x0000000702400000, 0x0000000800000000)
  region size 2048K, 0 young (0K), 0 survivors (0K)
 Metaspace       used 0K, committed 0K, reserved 0K
  class space    used 0K, committed 0K, reserved 0K

Heap Regions: E=young(eden), S=young(survivor), O=old, HS=humongous(starts), HC=humongous(continues), CS=collection set, F=free, TAMS=top-at-mark-start, PB=parsable bottom

Card table byte_map: [0x0000022b76080000,0x0000022b76870000] _byte_map_base: 0x0000022b7286e000

Marking Bits: (CMBitMap*) 0x0000022b71c63770
 Bits: [0x0000022b76870000, 0x0000022b7a7e0000)

GC Heap History (0 events):
No events

Dll operation events (1 events):
Event: 0.009 Loaded shared library C:\Program Files\Android\Android Studio\jbr\bin\java.dll

Deoptimization events (0 events):
No events

Classes loaded (0 events):
No events

Classes unloaded (0 events):
No events

Classes redefined (0 events):
No events

Internal exceptions (0 events):
No events

ZGC Phase Switch (0 events):
No events

VM Operations (0 events):
No events

Memory protections (0 events):
No events

Nmethod flushes (0 events):
No events

Events (0 events):
No events


Dynamic libraries:
0x00007ff61ad40000 - 0x00007ff61ad4a000 	C:\Program Files\Android\Android Studio\jbr\bin\java.exe
0x00007ffbabc60000 - 0x00007ffbabec8000 	C:\WINDOWS\SYSTEM32\ntdll.dll
0x00007ffba9e70000 - 0x00007ffba9f39000 	C:\WINDOWS\System32\KERNEL32.DLL
0x00007ffba95e0000 - 0x00007ffba99cd000 	C:\WINDOWS\System32\KERNELBASE.dll
0x00007ffba8e40000 - 0x00007ffba8f8b000 	C:\WINDOWS\System32\ucrtbase.dll
0x00007ffb885b0000 - 0x00007ffb885c8000 	C:\Program Files\Android\Android Studio\jbr\bin\jli.dll
0x00007ffba1380000 - 0x00007ffba139b000 	C:\Program Files\Android\Android Studio\jbr\bin\VCRUNTIME140.dll
0x00007ffba9a20000 - 0x00007ffba9bec000 	C:\WINDOWS\System32\USER32.dll
0x00007ffba99d0000 - 0x00007ffba99f7000 	C:\WINDOWS\System32\win32u.dll
0x00007ffb90750000 - 0x00007ffb909ea000 	C:\WINDOWS\WinSxS\amd64_microsoft.windows.common-controls_6595b64144ccf1df_6.0.26100.4484_none_3e0e6d4ce32ef3b3\COMCTL32.dll
0x00007ffba9fc0000 - 0x00007ffba9feb000 	C:\WINDOWS\System32\GDI32.dll
0x00007ffbaa780000 - 0x00007ffbaa829000 	C:\WINDOWS\System32\msvcrt.dll
0x00007ffba8f90000 - 0x00007ffba90c7000 	C:\WINDOWS\System32\gdi32full.dll
0x00007ffba9530000 - 0x00007ffba95d3000 	C:\WINDOWS\System32\msvcp_win.dll
0x00007ffbaa830000 - 0x00007ffbaa85f000 	C:\WINDOWS\System32\IMM32.DLL
0x00007ffba3220000 - 0x00007ffba322c000 	C:\Program Files\Android\Android Studio\jbr\bin\vcruntime140_1.dll
0x00007ffb710f0000 - 0x00007ffb7117d000 	C:\Program Files\Android\Android Studio\jbr\bin\msvcp140.dll
0x00007ffaf4710000 - 0x00007ffaf539a000 	C:\Program Files\Android\Android Studio\jbr\bin\server\jvm.dll
0x00007ffbaa8b0000 - 0x00007ffbaa964000 	C:\WINDOWS\System32\ADVAPI32.dll
0x00007ffbaae00000 - 0x00007ffbaaea6000 	C:\WINDOWS\System32\sechost.dll
0x00007ffbab710000 - 0x00007ffbab828000 	C:\WINDOWS\System32\RPCRT4.dll
0x00007ffba9f40000 - 0x00007ffba9fb4000 	C:\WINDOWS\System32\WS2_32.dll
0x00007ffba8610000 - 0x00007ffba866e000 	C:\WINDOWS\SYSTEM32\POWRPROF.dll
0x00007ffb99380000 - 0x00007ffb993b5000 	C:\WINDOWS\SYSTEM32\WINMM.dll
0x00007ffb9cd60000 - 0x00007ffb9cd6b000 	C:\WINDOWS\SYSTEM32\VERSION.dll
0x00007ffba85f0000 - 0x00007ffba8604000 	C:\WINDOWS\SYSTEM32\UMPDC.dll
0x00007ffba7b20000 - 0x00007ffba7b3b000 	C:\WINDOWS\SYSTEM32\kernel.appcore.dll
0x00007ffba1370000 - 0x00007ffba137a000 	C:\Program Files\Android\Android Studio\jbr\bin\jimage.dll
0x00007ffba66a0000 - 0x00007ffba68e1000 	C:\WINDOWS\SYSTEM32\DBGHELP.DLL
0x00007ffbaa3a0000 - 0x00007ffbaa726000 	C:\WINDOWS\System32\combase.dll
0x00007ffba9d80000 - 0x00007ffba9e60000 	C:\WINDOWS\System32\OLEAUT32.dll
0x00007ffb8c0f0000 - 0x00007ffb8c133000 	C:\WINDOWS\SYSTEM32\dbgcore.DLL
0x00007ffba90d0000 - 0x00007ffba9169000 	C:\WINDOWS\System32\bcryptPrimitives.dll
0x00007ffb94d20000 - 0x00007ffb94d40000 	C:\Program Files\Android\Android Studio\jbr\bin\java.dll

dbghelp: loaded successfully - version: 4.0.5 - missing functions: none
symbol engine: initialized successfully - sym options: 0x614 - pdb path: .;C:\Program Files\Android\Android Studio\jbr\bin;C:\WINDOWS\SYSTEM32;C:\WINDOWS\WinSxS\amd64_microsoft.windows.common-controls_6595b64144ccf1df_6.0.26100.4484_none_3e0e6d4ce32ef3b3;C:\Program Files\Android\Android Studio\jbr\bin\server

VM Arguments:
java_command: git4idea.http.GitAskPassApp Username for 'https://github.com': 
java_class_path (initial): C:/Program Files/Android/Android Studio/plugins/vcs-git/lib/git4idea-rt.jar;C:/Program Files/Android/Android Studio/lib/externalProcess-rt.jar
Launcher Type: SUN_STANDARD

[Global flags]
     intx CICompilerCount                          = 4                                         {product} {ergonomic}
     uint ConcGCThreads                            = 2                                         {product} {ergonomic}
     uint G1ConcRefinementThreads                  = 8                                         {product} {ergonomic}
   size_t G1HeapRegionSize                         = 2097152                                   {product} {ergonomic}
    uintx GCDrainStackTargetSize                   = 64                                        {product} {ergonomic}
   size_t InitialHeapSize                          = 266338304                                 {product} {ergonomic}
   size_t MarkStackSize                            = 4194304                                   {product} {ergonomic}
   size_t MaxHeapSize                              = 4257218560                                {product} {ergonomic}
   size_t MinHeapDeltaBytes                        = 2097152                                   {product} {ergonomic}
   size_t MinHeapSize                              = 8388608                                   {product} {ergonomic}
    uintx NonNMethodCodeHeapSize                   = 5839372                                {pd product} {ergonomic}
    uintx NonProfiledCodeHeapSize                  = 122909434                              {pd product} {ergonomic}
    uintx ProfiledCodeHeapSize                     = 122909434                              {pd product} {ergonomic}
    uintx ReservedCodeCacheSize                    = 251658240                              {pd product} {ergonomic}
     bool SegmentedCodeCache                       = true                                      {product} {ergonomic}
   size_t SoftMaxHeapSize                          = 4257218560                             {manageable} {ergonomic}
     bool UseCompressedOops                        = true                           {product lp64_product} {ergonomic}
     bool UseG1GC                                  = true                                      {product} {ergonomic}
     bool UseLargePagesIndividualAllocation        = false                                  {pd product} {ergonomic}

Logging:
Log output configuration:
 #0: stdout all=warning uptime,level,tags foldmultilines=false
 #1: stderr all=off uptime,level,tags foldmultilines=false

Environment Variables:
PATH=C:/Program Files/Git/mingw64/libexec/git-core;C:/Program Files/Git/mingw64/libexec/git-core;C:\Program Files\Git\mingw64\bin;C:\Program Files\Git\usr\bin;C:\Users\Sumiran Sharma\bin;C:\Program Files\nodejs\;C:\Program Files\Microsoft MPI\Bin\;C:\Program Files\Microsoft (R) HPC Pack 2019\Bin\;C:\Program Files\Python38\Scripts\;C:\Program Files\Python38\;C:\Program Files\Common Files\Oracle\Java\javapath;C:\Program Files (x86)\Common Files\Oracle\Java\java8path;C:\Program Files\Eclipse Adoptium\jdk-17.0.2.8-hotspot\bin;C:\Program Files (x86)\Common Files\Intel\Shared Libraries\redist\intel64\compiler;C:\Windows\system32;C:\Windows;C:\Windows\System32\Wbem;C:\Windows\System32\WindowsPowerShell\v1.0\;C:\Windows\System32\OpenSSH\;C:\Program Files (x86)\NVIDIA Corporation\PhysX\Common;C:\Program Files\Intel\WiFi\bin\;C:\Program Files\Common Files\Intel\WirelessCommon\;C:\Program Files (x86)\Windows Live\Shared;C:\WINDOWS\system32;C:\WINDOWS;C:\WINDOWS\System32\Wbem;C:\WINDOWS\System32\WindowsPowerShell\v1.0\;C:\WINDOWS\System32\OpenSSH\;C:\Program Files\dotnet\;C:\Program Files\Microsoft SQL Server\150\Tools\Binn\;C:\Program Files (x86)\Windows Kits\10\Windows Performance Toolkit\;C:\flutter\bin;C:\Program Files\Git\cmd;C:\Program Files\NVIDIA Corporation\NVIDIA app\NvDLISR;C:\vina\vina_1.2.7_win;C:\Program Files\Java\jdk-19\bin;c:\Users\Sumiran Sharma\AppData\Local\Programs\cursor\resources\app\bin;C:\ProgramData\chocolatey\bin;C:\Program Files (x86)\MGLTools-1.5.7;C:\Program Files\ffmpeg-7.1.1-essentials_build\bin;C:\apache-maven-3.9.9\bin;C:\Program Files\OpenBabel-3.1.1;C:\Users\Sumiran Sharma\AppData\Local\Programs\cursor\resources\app\bin;C:\Users\Sumiran Sharma\AppData\Local\Programs\Microsoft VS Code\bin
USERNAME=Sumiran Sharma
DISPLAY=:0.0
LC_ALL=en_US.UTF-8
TERM=xterm-256color
TMPDIR=C:\Users\SUMIRA~1\AppData\Local\Temp
OS=Windows_NT
PROCESSOR_IDENTIFIER=Intel64 Family 6 Model 158 Stepping 10, GenuineIntel
TMP=C:\Users\SUMIRA~1\AppData\Local\Temp
TEMP=C:\Users\SUMIRA~1\AppData\Local\Temp




Periodic native trim disabled

JNI global refs:
JNI global refs: 0, weak refs: 0

JNI global refs memory usage: 0, weak refs: 0

Process memory usage:
Resident Set Size: 12952K (0% of 16626080K total physical memory with 2502616K free physical memory)

OOME stack traces (most recent first):
Classloader memory used:

---------------  S Y S T E M  ---------------

OS:
 Windows 11 , 64 bit Build 26100 (10.0.26100.4484)
OS uptime: 0 days 2:22 hours
Hyper-V role detected

CPU: total 8 (initial active 8) (4 cores per cpu, 2 threads per core) family 6 model 158 stepping 10 microcode 0xde, cx8, cmov, fxsr, ht, mmx, 3dnowpref, sse, sse2, sse3, ssse3, sse4.1, sse4.2, popcnt, lzcnt, tsc, tscinvbit, avx, avx2, aes, erms, clmul, bmi1, bmi2, adx, fma, vzeroupper, clflush, clflushopt, hv, rdtscp, f16c
Processor Information for all 8 processors :
  Max Mhz: 2400, Current Mhz: 2400, Mhz Limit: 2400

Memory: 4k page, system-wide physical 16236M (2443M free)
TotalPageFile size 20332M (AvailPageFile size 210M)
current process WorkingSet (physical memory assigned to process): 12M, peak: 12M
current process commit charge ("private bytes"): 60M, peak: 314M

vm_info: OpenJDK 64-Bit Server VM (21.0.5+-12932927-b750.29) for windows-amd64 JRE (21.0.5+-12932927-b750.29), built on 2025-01-17T02:01:10Z by "builder" with MS VC++ 16.10 / 16.11 (VS2019)

END.
